2024-01-09 18:47:43,264 - ====== WebDriver manager ======
2024-01-09 18:47:45,060 - Get LATEST edgedriver version for Edge 120.0.2210
2024-01-09 18:47:52,324 - Get LATEST edgedriver version for Edge 120.0.2210
2024-01-09 18:47:52,529 - Driver [C:\Users\Hoon\.wdm\drivers\edgedriver\win64\120.0.2210.121\msedgedriver.exe] found in cache
2024-01-09 18:48:12,915 - Comparing video title: 바카라실시간바카라용왕1월9일화요일4부생방송손잡고만계세요바카라바카라실시간바카라용왕
2024-01-09 18:48:12,926 - Comparing video title: 바카라실시간바카라낮과밤1부제대로뿔났습니다화끈하게달려보겠습니다바카라바카라실시간바카라낮과밤
2024-01-09 18:48:12,933 - Comparing video title: 바카라실시간바카라운전수1월9일1부생방송시작합니다바카라바카라실시간
2024-01-09 18:48:12,940 - Comparing video title: 바카라실시간바카라타르수익비결먹튀없는안전한메이저에서바카라바카라실시간
2024-01-09 18:48:12,948 - Comparing video title: 바카라실시간바카라두바이1부생방송오후6시30분활기차게발기차게가자가자가자구바카라바카라실시간
2024-01-09 18:48:12,955 - Comparing video title: 바카라실시간바카라무당1월9일생방송2부시작합니다실력방송투명한방송진실된방송바카라바카라실시간
2024-01-09 18:48:12,962 - Comparing video title: 바카라실시간바카라김기세기세출격합니다입장해보세요01월09일라이브바카라바카라실시간
2024-01-09 18:48:12,969 - Comparing video title: 바카라실시간바카라허세01월09일1차전허세시드방탄시드야가져갈수있음가져가봐별들의전쟁바카라대회사전예약지금이니바카라바카라실시간
2024-01-09 18:48:12,976 - Comparing video title: 바카라실시간바카라
2024-01-09 18:48:12,990 - Comparing video title: 바카라실시간무사고4년차월클베팅도사확실한케어다양한이벤트든든한가족방혜택바카라바카라실시간베팅도사배팅도사도실장
2024-01-09 18:48:13,004 - Comparing video title: 바카라토식이x토팔계프로네비게이터바카라바카라실시간
2024-01-09 18:48:13,016 - Comparing video title: 바카라실시간바카라승부를볼수있는확신할수잇는방법은이겁니다바카라바카라실시간
2024-01-09 18:48:13,023 - Comparing video title: 바카라실시간바카라소원이정직믿음신용으로보답하겠습니다바카라바카라실시간
2024-01-09 18:48:13,030 - Comparing video title: 대충격이재명내일전격퇴원깜놀이유이재명폭행범신상비공개분노확산한동훈구인사전격방문국힘한동훈악x가짜뉴스고발조치정청래또사고쳤다명비어천가
2024-01-09 18:48:13,037 - Comparing video title: 1월9일스포츠분석야구못봄
2024-01-09 18:48:13,044 - Comparing video title: 바카라실시간바카라오실장라이브가보자잇바카라바카라실시간
2024-01-09 18:48:13,050 - Comparing video title: 바카라실시간내추럴나인
2024-01-09 18:48:13,057 - Comparing video title: 바카라실시간바카라두목곰tv01월09일5부바카라바카라실시간
2024-01-09 18:48:13,064 - Comparing video title: 바카라실시간바카라
2024-01-09 18:48:13,071 - Comparing video title: 바카라실시간내추럴나인
2024-01-09 18:48:13,077 - Comparing video title: 바카라실시간바카라
2024-01-09 18:48:13,084 - Comparing video title: 바카라실시간테스tv생방송새해초부터아주아주좋습니다01월01일2부방송바카라바카라실시간바카라테스onair
2024-01-09 18:48:13,091 - Comparing video title: 바카라실시간바카라
2024-01-09 18:48:13,097 - Comparing video title: 바카라실시간내추럴나인
2024-01-09 18:48:16,111 - Scrolled from 0 to 1242.6666259765625
2024-01-09 18:48:16,122 - Comparing video title: 바카라실시간바카라용왕1월9일화요일4부생방송손잡고만계세요바카라바카라실시간바카라용왕
2024-01-09 18:48:16,129 - Comparing video title: 바카라실시간바카라낮과밤1부제대로뿔났습니다화끈하게달려보겠습니다바카라바카라실시간바카라낮과밤
2024-01-09 18:48:16,135 - Comparing video title: 바카라실시간바카라운전수1월9일1부생방송시작합니다바카라바카라실시간
2024-01-09 18:48:16,142 - Comparing video title: 바카라실시간바카라타르수익비결먹튀없는안전한메이저에서바카라바카라실시간
2024-01-09 18:48:16,149 - Comparing video title: 바카라실시간바카라두바이1부생방송오후6시30분활기차게발기차게가자가자가자구바카라바카라실시간
2024-01-09 18:48:16,156 - Comparing video title: 바카라실시간바카라무당1월9일생방송2부시작합니다실력방송투명한방송진실된방송바카라바카라실시간
2024-01-09 18:48:16,163 - Comparing video title: 바카라실시간바카라김기세기세출격합니다입장해보세요01월09일라이브바카라바카라실시간
2024-01-09 18:48:16,170 - Comparing video title: 바카라실시간바카라허세01월09일1차전허세시드방탄시드야가져갈수있음가져가봐별들의전쟁바카라대회사전예약지금이니바카라바카라실시간
2024-01-09 18:48:16,177 - Comparing video title: 바카라실시간바카라
2024-01-09 18:48:16,184 - Comparing video title: 바카라실시간무사고4년차월클베팅도사확실한케어다양한이벤트든든한가족방혜택바카라바카라실시간베팅도사배팅도사도실장
2024-01-09 18:48:16,191 - Comparing video title: 바카라토식이x토팔계프로네비게이터바카라바카라실시간
2024-01-09 18:48:16,198 - Comparing video title: 바카라실시간바카라승부를볼수있는확신할수잇는방법은이겁니다바카라바카라실시간
2024-01-09 18:48:16,205 - Comparing video title: 바카라실시간바카라소원이정직믿음신용으로보답하겠습니다바카라바카라실시간
2024-01-09 18:48:16,211 - Comparing video title: 대충격이재명내일전격퇴원깜놀이유이재명폭행범신상비공개분노확산한동훈구인사전격방문국힘한동훈악x가짜뉴스고발조치정청래또사고쳤다명비어천가
2024-01-09 18:48:16,218 - Comparing video title: 1월9일스포츠분석야구못봄
2024-01-09 18:48:16,225 - Comparing video title: 바카라실시간바카라오실장라이브가보자잇바카라바카라실시간
2024-01-09 18:48:16,231 - Comparing video title: 바카라실시간내추럴나인
2024-01-09 18:48:16,238 - Comparing video title: 바카라실시간바카라두목곰tv01월09일5부바카라바카라실시간
2024-01-09 18:48:16,245 - Comparing video title: 바카라실시간바카라
2024-01-09 18:48:16,252 - Comparing video title: 바카라실시간내추럴나인
2024-01-09 18:48:16,259 - Comparing video title: 바카라실시간바카라
2024-01-09 18:48:16,266 - Comparing video title: 바카라실시간테스tv생방송새해초부터아주아주좋습니다01월01일2부방송바카라바카라실시간바카라테스onair
2024-01-09 18:48:16,272 - Comparing video title: 바카라실시간바카라
2024-01-09 18:48:16,279 - Comparing video title: 바카라실시간내추럴나인
2024-01-09 18:48:20,294 - Scrolled from 1242.6666259765625 to 2485.333251953125
2024-01-09 18:48:20,306 - Comparing video title: 바카라실시간바카라용왕1월9일화요일4부생방송손잡고만계세요바카라바카라실시간바카라용왕
2024-01-09 18:48:20,312 - Comparing video title: 바카라실시간바카라낮과밤1부제대로뿔났습니다화끈하게달려보겠습니다바카라바카라실시간바카라낮과밤
2024-01-09 18:48:20,319 - Comparing video title: 바카라실시간바카라운전수1월9일1부생방송시작합니다바카라바카라실시간
2024-01-09 18:48:20,325 - Comparing video title: 바카라실시간바카라타르수익비결먹튀없는안전한메이저에서바카라바카라실시간
2024-01-09 18:48:20,332 - Comparing video title: 바카라실시간바카라두바이1부생방송오후6시30분활기차게발기차게가자가자가자구바카라바카라실시간
2024-01-09 18:48:20,338 - Comparing video title: 바카라실시간바카라무당1월9일생방송2부시작합니다실력방송투명한방송진실된방송바카라바카라실시간
2024-01-09 18:48:20,345 - Comparing video title: 바카라실시간바카라김기세기세출격합니다입장해보세요01월09일라이브바카라바카라실시간
2024-01-09 18:48:20,351 - Comparing video title: 바카라실시간바카라허세01월09일1차전허세시드방탄시드야가져갈수있음가져가봐별들의전쟁바카라대회사전예약지금이니바카라바카라실시간
2024-01-09 18:48:20,358 - Comparing video title: 바카라실시간바카라
2024-01-09 18:48:20,364 - Comparing video title: 바카라실시간무사고4년차월클베팅도사확실한케어다양한이벤트든든한가족방혜택바카라바카라실시간베팅도사배팅도사도실장
2024-01-09 18:48:20,372 - Comparing video title: 바카라토식이x토팔계프로네비게이터바카라바카라실시간
2024-01-09 18:48:20,379 - Comparing video title: 바카라실시간바카라승부를볼수있는확신할수잇는방법은이겁니다바카라바카라실시간
2024-01-09 18:48:20,386 - Comparing video title: 바카라실시간바카라소원이정직믿음신용으로보답하겠습니다바카라바카라실시간
2024-01-09 18:48:20,393 - Comparing video title: 대충격이재명내일전격퇴원깜놀이유이재명폭행범신상비공개분노확산한동훈구인사전격방문국힘한동훈악x가짜뉴스고발조치정청래또사고쳤다명비어천가
2024-01-09 18:48:20,399 - Comparing video title: 1월9일스포츠분석야구못봄
2024-01-09 18:48:20,406 - Comparing video title: 바카라실시간바카라오실장라이브가보자잇바카라바카라실시간
2024-01-09 18:48:20,412 - Comparing video title: 바카라실시간내추럴나인
2024-01-09 18:48:20,419 - Comparing video title: 바카라실시간바카라두목곰tv01월09일5부바카라바카라실시간
2024-01-09 18:48:20,426 - Comparing video title: 바카라실시간바카라
2024-01-09 18:48:20,432 - Comparing video title: 바카라실시간내추럴나인
2024-01-09 18:48:20,439 - Comparing video title: 바카라실시간바카라
2024-01-09 18:48:20,445 - Comparing video title: 바카라실시간테스tv생방송새해초부터아주아주좋습니다01월01일2부방송바카라바카라실시간바카라테스onair
2024-01-09 18:48:20,452 - Comparing video title: 바카라실시간바카라
2024-01-09 18:48:20,458 - Comparing video title: 바카라실시간내추럴나인
2024-01-09 18:48:24,473 - Scrolled from 2485.333251953125 to 3728
2024-01-09 18:48:24,485 - Comparing video title: 바카라실시간바카라용왕1월9일화요일4부생방송손잡고만계세요바카라바카라실시간바카라용왕
2024-01-09 18:48:24,492 - Comparing video title: 바카라실시간바카라낮과밤1부제대로뿔났습니다화끈하게달려보겠습니다바카라바카라실시간바카라낮과밤
2024-01-09 18:48:24,499 - Comparing video title: 바카라실시간바카라운전수1월9일1부생방송시작합니다바카라바카라실시간
2024-01-09 18:48:24,506 - Comparing video title: 바카라실시간바카라타르수익비결먹튀없는안전한메이저에서바카라바카라실시간
2024-01-09 18:48:24,513 - Comparing video title: 바카라실시간바카라두바이1부생방송오후6시30분활기차게발기차게가자가자가자구바카라바카라실시간
2024-01-09 18:48:24,519 - Comparing video title: 바카라실시간바카라무당1월9일생방송2부시작합니다실력방송투명한방송진실된방송바카라바카라실시간
2024-01-09 18:48:24,527 - Comparing video title: 바카라실시간바카라김기세기세출격합니다입장해보세요01월09일라이브바카라바카라실시간
2024-01-09 18:48:24,534 - Comparing video title: 바카라실시간바카라허세01월09일1차전허세시드방탄시드야가져갈수있음가져가봐별들의전쟁바카라대회사전예약지금이니바카라바카라실시간
2024-01-09 18:48:24,540 - Comparing video title: 바카라실시간바카라
2024-01-09 18:48:24,547 - Comparing video title: 바카라실시간무사고4년차월클베팅도사확실한케어다양한이벤트든든한가족방혜택바카라바카라실시간베팅도사배팅도사도실장
2024-01-09 18:48:24,554 - Comparing video title: 바카라토식이x토팔계프로네비게이터바카라바카라실시간
2024-01-09 18:48:24,561 - Comparing video title: 바카라실시간바카라승부를볼수있는확신할수잇는방법은이겁니다바카라바카라실시간
2024-01-09 18:48:24,568 - Comparing video title: 바카라실시간바카라소원이정직믿음신용으로보답하겠습니다바카라바카라실시간
2024-01-09 18:48:24,575 - Comparing video title: 대충격이재명내일전격퇴원깜놀이유이재명폭행범신상비공개분노확산한동훈구인사전격방문국힘한동훈악x가짜뉴스고발조치정청래또사고쳤다명비어천가
2024-01-09 18:48:24,581 - Comparing video title: 1월9일스포츠분석야구못봄
2024-01-09 18:48:24,588 - Comparing video title: 바카라실시간바카라오실장라이브가보자잇바카라바카라실시간
2024-01-09 18:48:24,595 - Comparing video title: 바카라실시간내추럴나인
2024-01-09 18:48:24,602 - Comparing video title: 바카라실시간바카라두목곰tv01월09일5부바카라바카라실시간
2024-01-09 18:48:24,608 - Comparing video title: 바카라실시간바카라
2024-01-09 18:48:24,615 - Comparing video title: 바카라실시간내추럴나인
2024-01-09 18:48:24,621 - Comparing video title: 바카라실시간바카라
2024-01-09 18:48:24,628 - Comparing video title: 바카라실시간테스tv생방송새해초부터아주아주좋습니다01월01일2부방송바카라바카라실시간바카라테스onair
2024-01-09 18:48:24,635 - Comparing video title: 바카라실시간바카라
2024-01-09 18:48:24,641 - Comparing video title: 바카라실시간내추럴나인
2024-01-09 18:48:27,649 - Scrolled from 3728 to 4970.66650390625
2024-01-09 18:48:27,661 - Comparing video title: 바카라실시간바카라용왕1월9일화요일4부생방송손잡고만계세요바카라바카라실시간바카라용왕
2024-01-09 18:48:27,668 - Comparing video title: 바카라실시간바카라낮과밤1부제대로뿔났습니다화끈하게달려보겠습니다바카라바카라실시간바카라낮과밤
2024-01-09 18:48:27,675 - Comparing video title: 바카라실시간바카라운전수1월9일1부생방송시작합니다바카라바카라실시간
2024-01-09 18:48:27,681 - Comparing video title: 바카라실시간바카라타르수익비결먹튀없는안전한메이저에서바카라바카라실시간
2024-01-09 18:48:27,688 - Comparing video title: 바카라실시간바카라두바이1부생방송오후6시30분활기차게발기차게가자가자가자구바카라바카라실시간
2024-01-09 18:48:27,695 - Comparing video title: 바카라실시간바카라무당1월9일생방송2부시작합니다실력방송투명한방송진실된방송바카라바카라실시간
2024-01-09 18:48:27,701 - Comparing video title: 바카라실시간바카라김기세기세출격합니다입장해보세요01월09일라이브바카라바카라실시간
2024-01-09 18:48:27,707 - Comparing video title: 바카라실시간바카라허세01월09일1차전허세시드방탄시드야가져갈수있음가져가봐별들의전쟁바카라대회사전예약지금이니바카라바카라실시간
2024-01-09 18:48:27,714 - Comparing video title: 바카라실시간바카라
2024-01-09 18:48:27,720 - Comparing video title: 바카라실시간무사고4년차월클베팅도사확실한케어다양한이벤트든든한가족방혜택바카라바카라실시간베팅도사배팅도사도실장
2024-01-09 18:48:27,727 - Comparing video title: 바카라토식이x토팔계프로네비게이터바카라바카라실시간
2024-01-09 18:48:27,733 - Comparing video title: 바카라실시간바카라승부를볼수있는확신할수잇는방법은이겁니다바카라바카라실시간
2024-01-09 18:48:27,740 - Comparing video title: 바카라실시간바카라소원이정직믿음신용으로보답하겠습니다바카라바카라실시간
2024-01-09 18:48:27,746 - Comparing video title: 대충격이재명내일전격퇴원깜놀이유이재명폭행범신상비공개분노확산한동훈구인사전격방문국힘한동훈악x가짜뉴스고발조치정청래또사고쳤다명비어천가
2024-01-09 18:48:27,753 - Comparing video title: 1월9일스포츠분석야구못봄
2024-01-09 18:48:27,759 - Comparing video title: 바카라실시간바카라오실장라이브가보자잇바카라바카라실시간
2024-01-09 18:48:27,766 - Comparing video title: 바카라실시간내추럴나인
2024-01-09 18:48:27,772 - Comparing video title: 바카라실시간바카라두목곰tv01월09일5부바카라바카라실시간
2024-01-09 18:48:27,779 - Comparing video title: 바카라실시간바카라
2024-01-09 18:48:27,788 - Comparing video title: 바카라실시간내추럴나인
2024-01-09 18:48:27,794 - Comparing video title: 바카라실시간바카라
2024-01-09 18:48:27,801 - Comparing video title: 바카라실시간테스tv생방송새해초부터아주아주좋습니다01월01일2부방송바카라바카라실시간바카라테스onair
2024-01-09 18:48:27,808 - Comparing video title: 바카라실시간바카라
2024-01-09 18:48:27,814 - Comparing video title: 바카라실시간내추럴나인
2024-01-09 18:48:32,823 - Scrolled from 4970.66650390625 to 5998
2024-01-09 18:48:32,836 - Comparing video title: 바카라실시간바카라용왕1월9일화요일4부생방송손잡고만계세요바카라바카라실시간바카라용왕
2024-01-09 18:48:32,843 - Comparing video title: 바카라실시간바카라낮과밤1부제대로뿔났습니다화끈하게달려보겠습니다바카라바카라실시간바카라낮과밤
2024-01-09 18:48:32,849 - Comparing video title: 바카라실시간바카라운전수1월9일1부생방송시작합니다바카라바카라실시간
2024-01-09 18:48:32,857 - Comparing video title: 바카라실시간바카라타르수익비결먹튀없는안전한메이저에서바카라바카라실시간
2024-01-09 18:48:32,863 - Comparing video title: 바카라실시간바카라두바이1부생방송오후6시30분활기차게발기차게가자가자가자구바카라바카라실시간
2024-01-09 18:48:32,870 - Comparing video title: 바카라실시간바카라무당1월9일생방송2부시작합니다실력방송투명한방송진실된방송바카라바카라실시간
2024-01-09 18:48:32,877 - Comparing video title: 바카라실시간바카라김기세기세출격합니다입장해보세요01월09일라이브바카라바카라실시간
2024-01-09 18:48:32,883 - Comparing video title: 바카라실시간바카라허세01월09일1차전허세시드방탄시드야가져갈수있음가져가봐별들의전쟁바카라대회사전예약지금이니바카라바카라실시간
2024-01-09 18:48:32,889 - Comparing video title: 바카라실시간바카라
2024-01-09 18:48:32,896 - Comparing video title: 바카라실시간무사고4년차월클베팅도사확실한케어다양한이벤트든든한가족방혜택바카라바카라실시간베팅도사배팅도사도실장
2024-01-09 18:48:32,903 - Comparing video title: 바카라토식이x토팔계프로네비게이터바카라바카라실시간
2024-01-09 18:48:32,910 - Comparing video title: 바카라실시간바카라승부를볼수있는확신할수잇는방법은이겁니다바카라바카라실시간
2024-01-09 18:48:32,916 - Comparing video title: 바카라실시간바카라소원이정직믿음신용으로보답하겠습니다바카라바카라실시간
2024-01-09 18:48:32,923 - Comparing video title: 대충격이재명내일전격퇴원깜놀이유이재명폭행범신상비공개분노확산한동훈구인사전격방문국힘한동훈악x가짜뉴스고발조치정청래또사고쳤다명비어천가
2024-01-09 18:48:32,930 - Comparing video title: 1월9일스포츠분석야구못봄
2024-01-09 18:48:32,937 - Comparing video title: 바카라실시간바카라오실장라이브가보자잇바카라바카라실시간
2024-01-09 18:48:32,944 - Comparing video title: 바카라실시간내추럴나인
2024-01-09 18:48:32,951 - Comparing video title: 바카라실시간바카라두목곰tv01월09일5부바카라바카라실시간
2024-01-09 18:48:32,957 - Comparing video title: 바카라실시간바카라
2024-01-09 18:48:32,963 - Comparing video title: 바카라실시간내추럴나인
2024-01-09 18:48:32,970 - Comparing video title: 바카라실시간바카라
2024-01-09 18:48:32,976 - Comparing video title: 바카라실시간테스tv생방송새해초부터아주아주좋습니다01월01일2부방송바카라바카라실시간바카라테스onair
2024-01-09 18:48:32,983 - Comparing video title: 바카라실시간바카라
2024-01-09 18:48:32,990 - Comparing video title: 바카라실시간내추럴나인
2024-01-09 18:48:32,997 - Comparing video title: 바카라실시간바카라
2024-01-09 18:48:33,003 - Comparing video title: 바카라실시간바카라교수핵심을알려드리겠습니다당신이꼭알아야돼는것들바카라바카라실시간
2024-01-09 18:48:33,010 - Comparing video title: 바카라실시간바카라
2024-01-09 18:48:33,018 - Comparing video title: 바카라실시간카지노실시간
2024-01-09 18:48:33,025 - Comparing video title: 바카라실시간내추럴나인
2024-01-09 18:48:33,031 - Comparing video title: 바카라실시간바카라사랑이1월9일1부생방송바카라바카라실시간
2024-01-09 18:48:33,038 - Comparing video title: 바카라실시간바카라
2024-01-09 18:48:33,044 - Comparing video title: 바카라실시간18바카라꼰대진심바카라바카라바카라실시간
2024-01-09 18:48:33,051 - Comparing video title: 바카라실시간바카라
2024-01-09 18:48:33,057 - Comparing video title: 바카라실시간바카라
2024-01-09 18:48:33,064 - Comparing video title: 바카라실시간바카라
2024-01-09 18:48:33,071 - Comparing video title: 바카라실시간바카라
2024-01-09 18:48:33,078 - Comparing video title: 바카라실시간생1월9월바카라토프로1부토봉이8시생방송바카라바카라실시간
2024-01-09 18:48:33,084 - Comparing video title: 바카라실시간카지노실시간
2024-01-09 18:48:33,091 - Comparing video title: 바카라실시간테스tv생방송재충지나가는개나던져줘12월15일1부방송바카라바카라실시간바카라테스onair
2024-01-09 18:48:33,097 - Comparing video title: 바카라실시간바카라
2024-01-09 18:48:33,105 - Comparing video title: 바카라실시간바카라
2024-01-09 18:48:33,111 - Comparing video title: 바카라실시간바카라
2024-01-09 18:48:36,128 - Scrolled from 5998 to 7240.66650390625
2024-01-09 18:48:36,140 - Comparing video title: 바카라실시간바카라용왕1월9일화요일4부생방송손잡고만계세요바카라바카라실시간바카라용왕
2024-01-09 18:48:36,147 - Comparing video title: 바카라실시간바카라낮과밤1부제대로뿔났습니다화끈하게달려보겠습니다바카라바카라실시간바카라낮과밤
2024-01-09 18:48:36,154 - Comparing video title: 바카라실시간바카라운전수1월9일1부생방송시작합니다바카라바카라실시간
2024-01-09 18:48:36,161 - Comparing video title: 바카라실시간바카라타르수익비결먹튀없는안전한메이저에서바카라바카라실시간
2024-01-09 18:48:36,167 - Comparing video title: 바카라실시간바카라두바이1부생방송오후6시30분활기차게발기차게가자가자가자구바카라바카라실시간
2024-01-09 18:48:36,174 - Comparing video title: 바카라실시간바카라무당1월9일생방송2부시작합니다실력방송투명한방송진실된방송바카라바카라실시간
2024-01-09 18:48:36,181 - Comparing video title: 바카라실시간바카라김기세기세출격합니다입장해보세요01월09일라이브바카라바카라실시간
2024-01-09 18:48:36,188 - Comparing video title: 바카라실시간바카라허세01월09일1차전허세시드방탄시드야가져갈수있음가져가봐별들의전쟁바카라대회사전예약지금이니바카라바카라실시간
2024-01-09 18:48:36,194 - Comparing video title: 바카라실시간바카라
2024-01-09 18:48:36,201 - Comparing video title: 바카라실시간무사고4년차월클베팅도사확실한케어다양한이벤트든든한가족방혜택바카라바카라실시간베팅도사배팅도사도실장
2024-01-09 18:48:36,208 - Comparing video title: 바카라토식이x토팔계프로네비게이터바카라바카라실시간
2024-01-09 18:48:36,215 - Comparing video title: 바카라실시간바카라승부를볼수있는확신할수잇는방법은이겁니다바카라바카라실시간
2024-01-09 18:48:36,222 - Comparing video title: 바카라실시간바카라소원이정직믿음신용으로보답하겠습니다바카라바카라실시간
2024-01-09 18:48:36,229 - Comparing video title: 대충격이재명내일전격퇴원깜놀이유이재명폭행범신상비공개분노확산한동훈구인사전격방문국힘한동훈악x가짜뉴스고발조치정청래또사고쳤다명비어천가
2024-01-09 18:48:36,235 - Comparing video title: 1월9일스포츠분석야구못봄
2024-01-09 18:48:36,242 - Comparing video title: 바카라실시간바카라오실장라이브가보자잇바카라바카라실시간
2024-01-09 18:48:36,249 - Comparing video title: 바카라실시간내추럴나인
2024-01-09 18:48:36,255 - Comparing video title: 바카라실시간바카라두목곰tv01월09일5부바카라바카라실시간
2024-01-09 18:48:36,262 - Comparing video title: 바카라실시간바카라
2024-01-09 18:48:36,269 - Comparing video title: 바카라실시간내추럴나인
2024-01-09 18:48:36,275 - Comparing video title: 바카라실시간바카라
2024-01-09 18:48:36,282 - Comparing video title: 바카라실시간테스tv생방송새해초부터아주아주좋습니다01월01일2부방송바카라바카라실시간바카라테스onair
2024-01-09 18:48:36,289 - Comparing video title: 바카라실시간바카라
2024-01-09 18:48:36,295 - Comparing video title: 바카라실시간내추럴나인
2024-01-09 18:48:36,302 - Comparing video title: 바카라실시간바카라
2024-01-09 18:48:36,309 - Comparing video title: 바카라실시간바카라교수핵심을알려드리겠습니다당신이꼭알아야돼는것들바카라바카라실시간
2024-01-09 18:48:36,315 - Comparing video title: 바카라실시간바카라
2024-01-09 18:48:36,322 - Comparing video title: 바카라실시간카지노실시간
2024-01-09 18:48:36,329 - Comparing video title: 바카라실시간내추럴나인
2024-01-09 18:48:36,336 - Comparing video title: 바카라실시간바카라사랑이1월9일1부생방송바카라바카라실시간
2024-01-09 18:48:36,343 - Comparing video title: 바카라실시간바카라
2024-01-09 18:48:36,350 - Comparing video title: 바카라실시간18바카라꼰대진심바카라바카라바카라실시간
2024-01-09 18:48:36,357 - Comparing video title: 바카라실시간바카라
2024-01-09 18:48:36,363 - Comparing video title: 바카라실시간바카라
2024-01-09 18:48:36,371 - Comparing video title: 바카라실시간바카라
2024-01-09 18:48:36,378 - Comparing video title: 바카라실시간바카라
2024-01-09 18:48:36,386 - Comparing video title: 바카라실시간생1월9월바카라토프로1부토봉이8시생방송바카라바카라실시간
2024-01-09 18:48:36,393 - Comparing video title: 바카라실시간카지노실시간
2024-01-09 18:48:36,400 - Comparing video title: 바카라실시간테스tv생방송재충지나가는개나던져줘12월15일1부방송바카라바카라실시간바카라테스onair
2024-01-09 18:48:36,407 - Comparing video title: 바카라실시간바카라
2024-01-09 18:48:36,414 - Comparing video title: 바카라실시간바카라
2024-01-09 18:48:36,421 - Comparing video title: 바카라실시간바카라
2024-01-09 18:48:39,437 - Scrolled from 7240.66650390625 to 8483.3330078125
2024-01-09 18:48:39,450 - Comparing video title: 바카라실시간바카라용왕1월9일화요일4부생방송손잡고만계세요바카라바카라실시간바카라용왕
2024-01-09 18:48:39,457 - Comparing video title: 바카라실시간바카라낮과밤1부제대로뿔났습니다화끈하게달려보겠습니다바카라바카라실시간바카라낮과밤
2024-01-09 18:48:39,464 - Comparing video title: 바카라실시간바카라운전수1월9일1부생방송시작합니다바카라바카라실시간
2024-01-09 18:48:39,471 - Comparing video title: 바카라실시간바카라타르수익비결먹튀없는안전한메이저에서바카라바카라실시간
2024-01-09 18:48:39,478 - Comparing video title: 바카라실시간바카라두바이1부생방송오후6시30분활기차게발기차게가자가자가자구바카라바카라실시간
2024-01-09 18:48:39,484 - Comparing video title: 바카라실시간바카라무당1월9일생방송2부시작합니다실력방송투명한방송진실된방송바카라바카라실시간
2024-01-09 18:48:39,491 - Comparing video title: 바카라실시간바카라김기세기세출격합니다입장해보세요01월09일라이브바카라바카라실시간
2024-01-09 18:48:39,497 - Comparing video title: 바카라실시간바카라허세01월09일1차전허세시드방탄시드야가져갈수있음가져가봐별들의전쟁바카라대회사전예약지금이니바카라바카라실시간
2024-01-09 18:48:39,505 - Comparing video title: 바카라실시간바카라
2024-01-09 18:48:39,512 - Comparing video title: 바카라실시간무사고4년차월클베팅도사확실한케어다양한이벤트든든한가족방혜택바카라바카라실시간베팅도사배팅도사도실장
2024-01-09 18:48:39,518 - Comparing video title: 바카라토식이x토팔계프로네비게이터바카라바카라실시간
2024-01-09 18:48:39,525 - Comparing video title: 바카라실시간바카라승부를볼수있는확신할수잇는방법은이겁니다바카라바카라실시간
2024-01-09 18:48:39,532 - Comparing video title: 바카라실시간바카라소원이정직믿음신용으로보답하겠습니다바카라바카라실시간
2024-01-09 18:48:39,538 - Comparing video title: 대충격이재명내일전격퇴원깜놀이유이재명폭행범신상비공개분노확산한동훈구인사전격방문국힘한동훈악x가짜뉴스고발조치정청래또사고쳤다명비어천가
2024-01-09 18:48:39,545 - Comparing video title: 1월9일스포츠분석야구못봄
2024-01-09 18:48:39,551 - Comparing video title: 바카라실시간바카라오실장라이브가보자잇바카라바카라실시간
2024-01-09 18:48:39,558 - Comparing video title: 바카라실시간내추럴나인
2024-01-09 18:48:39,564 - Comparing video title: 바카라실시간바카라두목곰tv01월09일5부바카라바카라실시간
2024-01-09 18:48:39,571 - Comparing video title: 바카라실시간바카라
2024-01-09 18:48:39,577 - Comparing video title: 바카라실시간내추럴나인
2024-01-09 18:48:39,583 - Comparing video title: 바카라실시간바카라
2024-01-09 18:48:39,590 - Comparing video title: 바카라실시간테스tv생방송새해초부터아주아주좋습니다01월01일2부방송바카라바카라실시간바카라테스onair
2024-01-09 18:48:39,597 - Comparing video title: 바카라실시간바카라
2024-01-09 18:48:39,603 - Comparing video title: 바카라실시간내추럴나인
2024-01-09 18:48:39,610 - Comparing video title: 바카라실시간바카라
2024-01-09 18:48:39,616 - Comparing video title: 바카라실시간바카라교수핵심을알려드리겠습니다당신이꼭알아야돼는것들바카라바카라실시간
2024-01-09 18:48:39,623 - Comparing video title: 바카라실시간바카라
2024-01-09 18:48:39,630 - Comparing video title: 바카라실시간카지노실시간
2024-01-09 18:48:39,638 - Comparing video title: 바카라실시간내추럴나인
2024-01-09 18:48:39,644 - Comparing video title: 바카라실시간바카라사랑이1월9일1부생방송바카라바카라실시간
2024-01-09 18:48:39,651 - Comparing video title: 바카라실시간바카라
2024-01-09 18:48:39,657 - Comparing video title: 바카라실시간18바카라꼰대진심바카라바카라바카라실시간
2024-01-09 18:48:39,664 - Comparing video title: 바카라실시간바카라
2024-01-09 18:48:39,670 - Comparing video title: 바카라실시간바카라
2024-01-09 18:48:39,677 - Comparing video title: 바카라실시간바카라
2024-01-09 18:48:39,684 - Comparing video title: 바카라실시간바카라
2024-01-09 18:48:39,690 - Comparing video title: 바카라실시간생1월9월바카라토프로1부토봉이8시생방송바카라바카라실시간
2024-01-09 18:48:39,696 - Comparing video title: 바카라실시간카지노실시간
2024-01-09 18:48:39,703 - Comparing video title: 바카라실시간테스tv생방송재충지나가는개나던져줘12월15일1부방송바카라바카라실시간바카라테스onair
2024-01-09 18:48:39,710 - Comparing video title: 바카라실시간바카라
2024-01-09 18:48:39,716 - Comparing video title: 바카라실시간바카라
2024-01-09 18:48:39,723 - Comparing video title: 바카라실시간바카라
2024-01-09 18:48:42,733 - Scrolled from 8483.3330078125 to 9726
2024-01-09 18:48:42,748 - Comparing video title: 바카라실시간바카라용왕1월9일화요일4부생방송손잡고만계세요바카라바카라실시간바카라용왕
2024-01-09 18:48:42,757 - Comparing video title: 바카라실시간바카라낮과밤1부제대로뿔났습니다화끈하게달려보겠습니다바카라바카라실시간바카라낮과밤
2024-01-09 18:48:42,767 - Comparing video title: 바카라실시간바카라운전수1월9일1부생방송시작합니다바카라바카라실시간
2024-01-09 18:48:42,775 - Comparing video title: 바카라실시간바카라타르수익비결먹튀없는안전한메이저에서바카라바카라실시간
2024-01-09 18:48:42,783 - Comparing video title: 바카라실시간바카라두바이1부생방송오후6시30분활기차게발기차게가자가자가자구바카라바카라실시간
2024-01-09 18:48:42,793 - Comparing video title: 바카라실시간바카라무당1월9일생방송2부시작합니다실력방송투명한방송진실된방송바카라바카라실시간
2024-01-09 18:48:42,801 - Comparing video title: 바카라실시간바카라김기세기세출격합니다입장해보세요01월09일라이브바카라바카라실시간
2024-01-09 18:48:42,808 - Comparing video title: 바카라실시간바카라허세01월09일1차전허세시드방탄시드야가져갈수있음가져가봐별들의전쟁바카라대회사전예약지금이니바카라바카라실시간
2024-01-09 18:48:42,817 - Comparing video title: 바카라실시간바카라
2024-01-09 18:48:42,825 - Comparing video title: 바카라실시간무사고4년차월클베팅도사확실한케어다양한이벤트든든한가족방혜택바카라바카라실시간베팅도사배팅도사도실장
2024-01-09 18:48:42,835 - Comparing video title: 바카라토식이x토팔계프로네비게이터바카라바카라실시간
2024-01-09 18:48:42,842 - Comparing video title: 바카라실시간바카라승부를볼수있는확신할수잇는방법은이겁니다바카라바카라실시간
2024-01-09 18:48:42,850 - Comparing video title: 바카라실시간바카라소원이정직믿음신용으로보답하겠습니다바카라바카라실시간
2024-01-09 18:48:42,858 - Comparing video title: 대충격이재명내일전격퇴원깜놀이유이재명폭행범신상비공개분노확산한동훈구인사전격방문국힘한동훈악x가짜뉴스고발조치정청래또사고쳤다명비어천가
2024-01-09 18:48:42,866 - Comparing video title: 1월9일스포츠분석야구못봄
2024-01-09 18:48:42,876 - Comparing video title: 바카라실시간바카라오실장라이브가보자잇바카라바카라실시간
2024-01-09 18:48:42,924 - Comparing video title: 바카라실시간내추럴나인
2024-01-09 18:48:43,014 - Comparing video title: 바카라실시간바카라두목곰tv01월09일5부바카라바카라실시간
2024-01-09 18:48:43,024 - Comparing video title: 바카라실시간바카라
2024-01-09 18:48:43,032 - Comparing video title: 바카라실시간내추럴나인
2024-01-09 18:48:43,041 - Comparing video title: 바카라실시간바카라
2024-01-09 18:48:43,051 - Comparing video title: 바카라실시간테스tv생방송새해초부터아주아주좋습니다01월01일2부방송바카라바카라실시간바카라테스onair
2024-01-09 18:48:43,058 - Comparing video title: 바카라실시간바카라
2024-01-09 18:48:43,076 - Comparing video title: 바카라실시간내추럴나인
2024-01-09 18:48:43,084 - Comparing video title: 바카라실시간바카라
2024-01-09 18:48:43,092 - Comparing video title: 바카라실시간바카라교수핵심을알려드리겠습니다당신이꼭알아야돼는것들바카라바카라실시간
2024-01-09 18:48:43,099 - Comparing video title: 바카라실시간바카라
2024-01-09 18:48:43,107 - Comparing video title: 바카라실시간카지노실시간
2024-01-09 18:48:43,115 - Comparing video title: 바카라실시간내추럴나인
2024-01-09 18:48:43,123 - Comparing video title: 바카라실시간바카라사랑이1월9일1부생방송바카라바카라실시간
2024-01-09 18:48:43,130 - Comparing video title: 바카라실시간바카라
2024-01-09 18:48:43,138 - Comparing video title: 바카라실시간18바카라꼰대진심바카라바카라바카라실시간
2024-01-09 18:48:43,147 - Comparing video title: 바카라실시간바카라
2024-01-09 18:48:43,155 - Comparing video title: 바카라실시간바카라
2024-01-09 18:48:43,162 - Comparing video title: 바카라실시간바카라
2024-01-09 18:48:43,169 - Comparing video title: 바카라실시간바카라
2024-01-09 18:48:43,176 - Comparing video title: 바카라실시간생1월9월바카라토프로1부토봉이8시생방송바카라바카라실시간
2024-01-09 18:48:43,184 - Comparing video title: 바카라실시간카지노실시간
2024-01-09 18:48:43,191 - Comparing video title: 바카라실시간테스tv생방송재충지나가는개나던져줘12월15일1부방송바카라바카라실시간바카라테스onair
2024-01-09 18:48:43,200 - Comparing video title: 바카라실시간바카라
2024-01-09 18:48:43,207 - Comparing video title: 바카라실시간바카라
2024-01-09 18:48:43,215 - Comparing video title: 바카라실시간바카라
2024-01-09 18:48:48,222 - Scrolled from 9726 to 10968.6669921875
2024-01-09 18:48:48,236 - Comparing video title: 바카라실시간바카라용왕1월9일화요일4부생방송손잡고만계세요바카라바카라실시간바카라용왕
2024-01-09 18:48:48,243 - Comparing video title: 바카라실시간바카라낮과밤1부제대로뿔났습니다화끈하게달려보겠습니다바카라바카라실시간바카라낮과밤
2024-01-09 18:48:48,250 - Comparing video title: 바카라실시간바카라운전수1월9일1부생방송시작합니다바카라바카라실시간
2024-01-09 18:48:48,257 - Comparing video title: 바카라실시간바카라타르수익비결먹튀없는안전한메이저에서바카라바카라실시간
2024-01-09 18:48:48,264 - Comparing video title: 바카라실시간바카라두바이1부생방송오후6시30분활기차게발기차게가자가자가자구바카라바카라실시간
2024-01-09 18:48:48,271 - Comparing video title: 바카라실시간바카라무당1월9일생방송2부시작합니다실력방송투명한방송진실된방송바카라바카라실시간
2024-01-09 18:48:48,278 - Comparing video title: 바카라실시간바카라김기세기세출격합니다입장해보세요01월09일라이브바카라바카라실시간
2024-01-09 18:48:48,284 - Comparing video title: 바카라실시간바카라허세01월09일1차전허세시드방탄시드야가져갈수있음가져가봐별들의전쟁바카라대회사전예약지금이니바카라바카라실시간
2024-01-09 18:48:48,292 - Comparing video title: 바카라실시간바카라
2024-01-09 18:48:48,299 - Comparing video title: 바카라실시간무사고4년차월클베팅도사확실한케어다양한이벤트든든한가족방혜택바카라바카라실시간베팅도사배팅도사도실장
2024-01-09 18:48:48,306 - Comparing video title: 바카라토식이x토팔계프로네비게이터바카라바카라실시간
2024-01-09 18:48:48,313 - Comparing video title: 바카라실시간바카라승부를볼수있는확신할수잇는방법은이겁니다바카라바카라실시간
2024-01-09 18:48:48,319 - Comparing video title: 바카라실시간바카라소원이정직믿음신용으로보답하겠습니다바카라바카라실시간
2024-01-09 18:48:48,326 - Comparing video title: 대충격이재명내일전격퇴원깜놀이유이재명폭행범신상비공개분노확산한동훈구인사전격방문국힘한동훈악x가짜뉴스고발조치정청래또사고쳤다명비어천가
2024-01-09 18:48:48,333 - Comparing video title: 1월9일스포츠분석야구못봄
2024-01-09 18:48:48,340 - Comparing video title: 바카라실시간바카라오실장라이브가보자잇바카라바카라실시간
2024-01-09 18:48:48,347 - Comparing video title: 바카라실시간내추럴나인
2024-01-09 18:48:48,354 - Comparing video title: 바카라실시간바카라두목곰tv01월09일5부바카라바카라실시간
2024-01-09 18:48:48,361 - Comparing video title: 바카라실시간바카라
2024-01-09 18:48:48,368 - Comparing video title: 바카라실시간내추럴나인
2024-01-09 18:48:48,375 - Comparing video title: 바카라실시간바카라
2024-01-09 18:48:48,382 - Comparing video title: 바카라실시간테스tv생방송새해초부터아주아주좋습니다01월01일2부방송바카라바카라실시간바카라테스onair
2024-01-09 18:48:48,390 - Comparing video title: 바카라실시간바카라
2024-01-09 18:48:48,397 - Comparing video title: 바카라실시간내추럴나인
2024-01-09 18:48:48,404 - Comparing video title: 바카라실시간바카라
2024-01-09 18:48:48,411 - Comparing video title: 바카라실시간바카라교수핵심을알려드리겠습니다당신이꼭알아야돼는것들바카라바카라실시간
2024-01-09 18:48:48,418 - Comparing video title: 바카라실시간바카라
2024-01-09 18:48:48,425 - Comparing video title: 바카라실시간카지노실시간
2024-01-09 18:48:48,433 - Comparing video title: 바카라실시간내추럴나인
2024-01-09 18:48:48,440 - Comparing video title: 바카라실시간바카라사랑이1월9일1부생방송바카라바카라실시간
2024-01-09 18:48:48,447 - Comparing video title: 바카라실시간바카라
2024-01-09 18:48:48,453 - Comparing video title: 바카라실시간18바카라꼰대진심바카라바카라바카라실시간
2024-01-09 18:48:48,460 - Comparing video title: 바카라실시간바카라
2024-01-09 18:48:48,467 - Comparing video title: 바카라실시간바카라
2024-01-09 18:48:48,474 - Comparing video title: 바카라실시간바카라
2024-01-09 18:48:48,480 - Comparing video title: 바카라실시간바카라
2024-01-09 18:48:48,487 - Comparing video title: 바카라실시간생1월9월바카라토프로1부토봉이8시생방송바카라바카라실시간
2024-01-09 18:48:48,494 - Comparing video title: 바카라실시간카지노실시간
2024-01-09 18:48:48,501 - Comparing video title: 바카라실시간테스tv생방송재충지나가는개나던져줘12월15일1부방송바카라바카라실시간바카라테스onair
2024-01-09 18:48:48,508 - Comparing video title: 바카라실시간바카라
2024-01-09 18:48:48,515 - Comparing video title: 바카라실시간바카라
2024-01-09 18:48:48,522 - Comparing video title: 바카라실시간바카라
2024-01-09 18:48:53,528 - Scrolled from 10968.6669921875 to 11056
2024-01-09 18:48:53,694 - Comparing video title: 바카라실시간바카라용왕1월9일화요일4부생방송손잡고만계세요바카라바카라실시간바카라용왕
2024-01-09 18:48:53,718 - Comparing video title: 바카라실시간바카라낮과밤1부제대로뿔났습니다화끈하게달려보겠습니다바카라바카라실시간바카라낮과밤
2024-01-09 18:48:53,725 - Comparing video title: 바카라실시간바카라운전수1월9일1부생방송시작합니다바카라바카라실시간
2024-01-09 18:48:53,735 - Comparing video title: 바카라실시간바카라타르수익비결먹튀없는안전한메이저에서바카라바카라실시간
2024-01-09 18:48:53,742 - Comparing video title: 바카라실시간바카라두바이1부생방송오후6시30분활기차게발기차게가자가자가자구바카라바카라실시간
2024-01-09 18:48:53,751 - Comparing video title: 바카라실시간바카라무당1월9일생방송2부시작합니다실력방송투명한방송진실된방송바카라바카라실시간
2024-01-09 18:48:53,758 - Comparing video title: 바카라실시간바카라김기세기세출격합니다입장해보세요01월09일라이브바카라바카라실시간
2024-01-09 18:48:53,770 - Comparing video title: 바카라실시간바카라허세01월09일1차전허세시드방탄시드야가져갈수있음가져가봐별들의전쟁바카라대회사전예약지금이니바카라바카라실시간
2024-01-09 18:48:53,777 - Comparing video title: 바카라실시간바카라
2024-01-09 18:48:53,783 - Comparing video title: 바카라실시간무사고4년차월클베팅도사확실한케어다양한이벤트든든한가족방혜택바카라바카라실시간베팅도사배팅도사도실장
2024-01-09 18:48:53,791 - Comparing video title: 바카라토식이x토팔계프로네비게이터바카라바카라실시간
2024-01-09 18:48:53,798 - Comparing video title: 바카라실시간바카라승부를볼수있는확신할수잇는방법은이겁니다바카라바카라실시간
2024-01-09 18:48:53,805 - Comparing video title: 바카라실시간바카라소원이정직믿음신용으로보답하겠습니다바카라바카라실시간
2024-01-09 18:48:53,812 - Comparing video title: 대충격이재명내일전격퇴원깜놀이유이재명폭행범신상비공개분노확산한동훈구인사전격방문국힘한동훈악x가짜뉴스고발조치정청래또사고쳤다명비어천가
2024-01-09 18:48:53,864 - Comparing video title: 1월9일스포츠분석야구못봄
2024-01-09 18:48:53,871 - Comparing video title: 바카라실시간바카라오실장라이브가보자잇바카라바카라실시간
2024-01-09 18:48:53,878 - Comparing video title: 바카라실시간내추럴나인
2024-01-09 18:48:53,886 - Comparing video title: 바카라실시간바카라두목곰tv01월09일5부바카라바카라실시간
2024-01-09 18:48:53,892 - Comparing video title: 바카라실시간바카라
2024-01-09 18:48:53,900 - Comparing video title: 바카라실시간내추럴나인
2024-01-09 18:48:53,907 - Comparing video title: 바카라실시간바카라
2024-01-09 18:48:53,914 - Comparing video title: 바카라실시간테스tv생방송새해초부터아주아주좋습니다01월01일2부방송바카라바카라실시간바카라테스onair
2024-01-09 18:48:53,920 - Comparing video title: 바카라실시간바카라
2024-01-09 18:48:53,927 - Comparing video title: 바카라실시간내추럴나인
2024-01-09 18:48:53,940 - Comparing video title: 바카라실시간바카라
2024-01-09 18:48:53,946 - Comparing video title: 바카라실시간바카라교수핵심을알려드리겠습니다당신이꼭알아야돼는것들바카라바카라실시간
2024-01-09 18:48:53,953 - Comparing video title: 바카라실시간바카라
2024-01-09 18:48:53,960 - Comparing video title: 바카라실시간카지노실시간
2024-01-09 18:48:53,967 - Comparing video title: 바카라실시간내추럴나인
2024-01-09 18:48:53,974 - Comparing video title: 바카라실시간바카라사랑이1월9일1부생방송바카라바카라실시간
2024-01-09 18:48:53,981 - Comparing video title: 바카라실시간바카라
2024-01-09 18:48:53,987 - Comparing video title: 바카라실시간18바카라꼰대진심바카라바카라바카라실시간
2024-01-09 18:48:53,994 - Comparing video title: 바카라실시간바카라
2024-01-09 18:48:54,000 - Comparing video title: 바카라실시간바카라
2024-01-09 18:48:54,007 - Comparing video title: 바카라실시간바카라
2024-01-09 18:48:54,013 - Comparing video title: 바카라실시간바카라
2024-01-09 18:48:54,020 - Comparing video title: 바카라실시간생1월9월바카라토프로1부토봉이8시생방송바카라바카라실시간
2024-01-09 18:48:54,026 - Comparing video title: 바카라실시간카지노실시간
2024-01-09 18:48:54,033 - Comparing video title: 바카라실시간테스tv생방송재충지나가는개나던져줘12월15일1부방송바카라바카라실시간바카라테스onair
2024-01-09 18:48:54,039 - Comparing video title: 바카라실시간바카라
2024-01-09 18:48:54,045 - Comparing video title: 바카라실시간바카라
2024-01-09 18:48:54,053 - Comparing video title: 바카라실시간바카라
2024-01-09 18:48:54,060 - Comparing video title: 바카라실시간테스tv생방송자심기일전해서차분하고스무스하게12월03일1부방송바카라바카라실시간바카라테스onair
2024-01-09 18:48:54,066 - Comparing video title: 바카라실시간바카라
2024-01-09 18:48:54,073 - Comparing video title: 바카라실시간바카라
2024-01-09 18:48:54,080 - Comparing video title: 바카라실시간바카라
2024-01-09 18:48:54,087 - Comparing video title: 바카라실시간바카라
2024-01-09 18:48:54,093 - Comparing video title: 바카라사이트안전한바카라사이트추천바카라실시간바카라카지노사이트바카라사이트
2024-01-09 18:48:54,099 - Comparing video title: 바카라실시간바카라
2024-01-09 18:48:54,105 - Comparing video title: 바카라실시간바카라
2024-01-09 18:48:54,112 - Comparing video title: 바카라실시간바카라
2024-01-09 18:48:54,119 - Comparing video title: 바카라실시간바카라필립pg소프트1월9일2부방송수익달달합니다바카라바카라실시간바카라사이트마이크로게이밍
2024-01-09 18:48:54,125 - Comparing video title: 바카라실시간테스tv생방송출장가기전마지막방송입니다12월06일1부방송바카라바카라실시간바카라테스onair
2024-01-09 18:48:54,131 - Comparing video title: 바카라실시간테스tv생방송더블업하고바로슬롯갑니다12월28일1부방송바카라바카라실시간바카라테스onair
2024-01-09 18:48:54,137 - Comparing video title: 바카라실시간바카라캔디1월9일어른이들의안전한놀이터바카라바카라실시간
2024-01-09 18:48:54,144 - Comparing video title: 바카라실시간내추럴나인
2024-01-09 18:48:54,151 - Comparing video title: 바카라실시간바카라
2024-01-09 18:48:54,157 - Comparing video title: 김대리아바타4실시간바카라대리미션실시간바카라캄보디아바카라원화게임여행qkzkfk스피드바카라캄보디아카지노김대리아바타
2024-01-09 18:48:54,164 - Comparing video title: 바카라실시간바카라마귀악귀tv11월1일이런구간은피하셔야합니다바카라바카라실시간
2024-01-09 18:48:54,170 - Comparing video title: 바카라실시간ㅅ행복카라박12월16일2300269일차바카라쿵쾅이34부쿵쾅바카라바카라실시간
